2025-03-14 14:46:46,525 - ERROR - Error fetching problem statement for https://codeforces.com/problemset/problem/2074/F: Failed to fetch the problem page. Status code: 503
2025-03-15 05:05:39,879 - ERROR - Error fetching problem statement for https://codeforces.com/problemset/problem/991/D: Failed to fetch the problem page. Status code: 503
2025-03-15 05:29:30,210 - ERROR - Error fetching problem statement for https://codeforces.com/problemset/problem/936/E: Failed to fetch the problem page. Status code: 524
2025-03-15 09:05:49,706 - ERROR - Error fetching problem statement for https://codeforces.com/problemset/problem/457/A: Failed to fetch the problem page. Status code: 503
2025-03-15 10:43:35,241 - ERROR - Error fetching problem statement for https://codeforces.com/problemset/problem/1437/E: Failed to fetch the problem page. Status code: 524
2025-03-15 10:47:05,910 - ERROR - Error fetching problem statement for https://codeforces.com/problemset/problem/1437/A: Failed to fetch the problem page. Status code: 524
2025-03-15 11:11:50,070 - ERROR - Error fetching problem statement for https://codeforces.com/problemset/problem/1423/E: Failed to fetch the problem page. Status code: 524
2025-03-15 11:17:08,334 - ERROR - Error fetching problem statement for https://codeforces.com/problemset/problem/1422/C: Failed to fetch the problem page. Status code: 524
2025-03-15 11:18:53,922 - ERROR - Error fetching problem statement for https://codeforces.com/problemset/problem/1422/B: Failed to fetch the problem page. Status code: 524
2025-03-15 11:21:03,947 - ERROR - Error fetching problem statement for https://codeforces.com/problemset/problem/1421/E: Failed to fetch the problem page. Status code: 524
2025-03-15 11:22:49,171 - ERROR - Error fetching problem statement for https://codeforces.com/problemset/problem/1421/D: Failed to fetch the problem page. Status code: 524
2025-03-15 11:32:15,322 - ERROR - Error fetching problem statement for https://codeforces.com/problemset/problem/1418/G: Failed to fetch the problem page. Status code: 524
2025-03-15 11:35:09,494 - ERROR - Error fetching problem statement for https://codeforces.com/problemset/problem/1418/E: Failed to fetch the problem page. Status code: 524
2025-03-15 11:36:54,996 - ERROR - Error fetching problem statement for https://codeforces.com/problemset/problem/1418/D: Failed to fetch the problem page. Status code: 524
2025-03-15 11:37:40,376 - ERROR - Error fetching problem statement for https://codeforces.com/problemset/problem/1418/B: Failed to fetch the problem page. Status code: 404
2025-03-15 11:37:45,967 - ERROR - Error fetching problem statement for https://codeforces.com/problemset/problem/1418/A: Failed to fetch the problem page. Status code: 404
2025-03-15 11:37:51,503 - ERROR - Error fetching problem statement for https://codeforces.com/problemset/problem/1417/B: Failed to fetch the problem page. Status code: 404
2025-03-15 11:37:57,010 - ERROR - Error fetching problem statement for https://codeforces.com/problemset/problem/1417/A: Failed to fetch the problem page. Status code: 404
2025-03-15 11:41:54,619 - ERROR - Error fetching problem statement for https://codeforces.com/problemset/problem/1416/B: Failed to fetch the problem page. Status code: 524
2025-03-15 11:44:39,579 - ERROR - Error fetching problem statement for https://codeforces.com/problemset/problem/1415/B: Failed to fetch the problem page. Status code: 403
2025-03-15 11:45:09,795 - ERROR - Error fetching problem statement for https://codeforces.com/problemset/problem/1413/F: Failed to fetch the problem page. Status code: 403
2025-03-15 11:45:15,000 - ERROR - Error fetching problem statement for https://codeforces.com/problemset/problem/1413/E: Failed to fetch the problem page. Status code: 403
2025-03-15 11:45:20,355 - ERROR - Error fetching problem statement for https://codeforces.com/problemset/problem/1413/D: Failed to fetch the problem page. Status code: 403
2025-03-15 11:45:25,592 - ERROR - Error fetching problem statement for https://codeforces.com/problemset/problem/1413/C: Failed to fetch the problem page. Status code: 403
2025-03-15 11:45:30,780 - ERROR - Error fetching problem statement for https://codeforces.com/problemset/problem/1413/B: Failed to fetch the problem page. Status code: 403
2025-03-15 11:45:35,995 - ERROR - Error fetching problem statement for https://codeforces.com/problemset/problem/1413/A: Failed to fetch the problem page. Status code: 403
2025-03-15 11:45:41,202 - ERROR - Error fetching problem statement for https://codeforces.com/problemset/problem/1411/G: Failed to fetch the problem page. Status code: 403
2025-03-15 11:45:46,400 - ERROR - Error fetching problem statement for https://codeforces.com/problemset/problem/1411/F: Failed to fetch the problem page. Status code: 403
2025-03-15 11:45:51,620 - ERROR - Error fetching problem statement for https://codeforces.com/problemset/problem/1411/E: Failed to fetch the problem page. Status code: 403
2025-03-15 11:45:56,818 - ERROR - Error fetching problem statement for https://codeforces.com/problemset/problem/1411/D: Failed to fetch the problem page. Status code: 403
2025-03-15 11:46:02,056 - ERROR - Error fetching problem statement for https://codeforces.com/problemset/problem/1411/C: Failed to fetch the problem page. Status code: 403
2025-03-15 11:46:07,272 - ERROR - Error fetching problem statement for https://codeforces.com/problemset/problem/1411/B: Failed to fetch the problem page. Status code: 403
2025-03-15 11:46:12,469 - ERROR - Error fetching problem statement for https://codeforces.com/problemset/problem/1411/A: Failed to fetch the problem page. Status code: 403
2025-03-15 11:46:17,709 - ERROR - Error fetching problem statement for https://codeforces.com/problemset/problem/1409/F: Failed to fetch the problem page. Status code: 403
2025-03-15 22:14:38,866 - ERROR - Error fetching problem statement for https://codeforces.com/problemset/problem/1349/E: Failed to fetch the problem page. Status code: 503
2025-03-16 00:39:18,205 - ERROR - Error fetching problem statement for https://codeforces.com/problemset/problem/1067/E: ('Connection aborted.', RemoteDisconnected('Remote end closed connection without response'))
2025-03-16 01:49:08,274 - ERROR - Error fetching problem statement for https://codeforces.com/problemset/problem/949/F: Failed to fetch the problem page. Status code: 524
2025-03-16 01:54:12,204 - ERROR - Error fetching problem statement for https://codeforces.com/problemset/problem/936/E: Failed to fetch the problem page. Status code: 524
